PREFIX=/usr/local
Unpacking payload ...

  0%|          | 0/45 [00:00<?, ?it/s]
Extracting : tzdata-2022g-h04d1e81_0.conda:   0%|          | 0/45 [00:00<?, ?it/s]
Extracting : tzdata-2022g-h04d1e81_0.conda:   2%|▏         | 1/45 [00:00<00:26,  1.65it/s]
Extracting : pip-22.3.1-py310h06a4308_0.conda:   2%|▏         | 1/45 [00:01<00:26,  1.65it/s]
Extracting : pip-22.3.1-py310h06a4308_0.conda:   4%|▍         | 2/45 [00:01<00:35,  1.22it/s]
Extracting : pysocks-1.7.1-py310h06a4308_0.conda:   4%|▍         | 2/45 [00:01<00:35,  1.22it/s]
Extracting : zstandard-0.18.0-py310h5eee18b_0.conda:   7%|▋         | 3/45 [00:01<00:34,  1.22it/s]
Extracting : openssl-1.1.1s-h7f8727e_0.conda:   9%|▉         | 4/45 [00:01<00:33,  1.22it/s]       
Extracting : pluggy-1.0.0-py310h06a4308_1.conda:  11%|█         | 5/45 [00:01<00:32,  1.22it/s]
Extracting : bzip2-1.0.8-h7b6447c_0.conda:  13%|█▎        | 6/45 [00:01<00:32,  1.22it/s]      
Extracting : tqdm-4.64.1-py310h06a4308_0.conda:  16%|█▌        | 7/45 [00:01<00:31,  1.22it/s]
Extracting : wheel-0.37.1-pyhd3eb1b0_0.conda:  18%|█▊        | 8/45 [00:01<00:30,  1.22it/s]  
Extracting : toolz-0.12.0-py310h06a4308_0.conda:  20%|██        | 9/45 [00:01<00:29,  1.22it/s]
Extracting : conda-package-streaming-0.7.0-py310h06a4308_0.conda:  22%|██▏       | 10/45 [00:01<00:28,  1.22it/s]
Extracting : ruamel.yaml-0.17.21-py310h5eee18b_0.conda:  24%|██▍       | 11/45 [00:01<00:27,  1.22it/s]          
Extracting : ruamel.yaml-0.17.21-py310h5eee18b_0.conda:  27%|██▋       | 12/45 [00:01<00:03,  8.88it/s]
Extracting : readline-8.2-h5eee18b_0.conda:  27%|██▋       | 12/45 [00:01<00:03,  8.88it/s]            
Extracting : libgomp-11.2.0-h1234567_1.conda:  29%|██▉       | 13/45 [00:01<00:03,  8.88it/s]
Extracting : libgomp-11.2.0-h1234567_1.conda:  31%|███       | 14/45 [00:01<00:03, 10.00it/s]
Extracting : sqlite-3.40.1-h5082296_0.conda:  31%|███       | 14/45 [00:01<00:03, 10.00it/s] 
Extracting : cryptography-38.0.4-py310h9ce1e76_0.conda:  33%|███▎      | 15/45 [00:02<00:03, 10.00it/s]
Extracting : cryptography-38.0.4-py310h9ce1e76_0.conda:  36%|███▌      | 16/45 [00:02<00:02,  9.68it/s]
Extracting : zlib-1.2.13-h5eee18b_0.conda:  36%|███▌      | 16/45 [00:02<00:02,  9.68it/s]             
Extracting : libffi-3.4.2-h6a678d5_6.conda:  38%|███▊      | 17/45 [00:02<00:02,  9.68it/s]
Extracting : conda-23.1.0-py310h06a4308_0.conda:  40%|████      | 18/45 [00:02<00:02,  9.68it/s]
Extracting : conda-23.1.0-py310h06a4308_0.conda:  42%|████▏     | 19/45 [00:02<00:03,  8.62it/s]
Extracting : python-3.10.9-h7a1cb2a_0.conda:  42%|████▏     | 19/45 [00:06<00:03,  8.62it/s]    
Extracting : cffi-1.15.1-py310h5eee18b_3.conda:  44%|████▍     | 20/45 [00:06<00:02,  8.62it/s]
Extracting : cffi-1.15.1-py310h5eee18b_3.conda:  47%|████▋     | 21/45 [00:06<00:13,  1.72it/s]
Extracting : libuuid-1.41.5-h5eee18b_0.conda:  47%|████▋     | 21/45 [00:06<00:13,  1.72it/s]  
Extracting : ca-certificates-2023.01.10-h06a4308_0.conda:  49%|████▉     | 22/45 [00:06<00:13,  1.72it/s]
Extracting : libgcc-ng-11.2.0-h1234567_1.conda:  51%|█████     | 23/45 [00:06<00:12,  1.72it/s]          
Extracting : ruamel.yaml.clib-0.2.6-py310h5eee18b_1.conda:  53%|█████▎    | 24/45 [00:06<00:12,  1.72it/s]
Extracting : _libgcc_mutex-0.1-main.conda:  56%|█████▌    | 25/45 [00:06<00:11,  1.72it/s]                
Extracting : idna-3.4-py310h06a4308_0.conda:  58%|█████▊    | 26/45 [00:06<00:11,  1.72it/s]
Extracting : requests-2.28.1-py310h06a4308_0.conda:  60%|██████    | 27/45 [00:06<00:10,  1.72it/s]
Extracting : pyopenssl-22.0.0-pyhd3eb1b0_0.conda:  62%|██████▏   | 28/45 [00:06<00:09,  1.72it/s]  
Extracting : _openmp_mutex-5.1-1_gnu.conda:  64%|██████▍   | 29/45 [00:06<00:09,  1.72it/s]      
Extracting : pycparser-2.21-pyhd3eb1b0_0.conda:  67%|██████▋   | 30/45 [00:06<00:08,  1.72it/s]
Extracting : setuptools-65.6.3-py310h06a4308_0.conda:  69%|██████▉   | 31/45 [00:06<00:08,  1.72it/s]
Extracting : ncurses-6.4-h6a678d5_0.conda:  71%|███████   | 32/45 [00:09<00:07,  1.72it/s]           
Extracting : ncurses-6.4-h6a678d5_0.conda:  73%|███████▎  | 33/45 [00:09<00:04,  2.71it/s]
Extracting : libstdcxx-ng-11.2.0-h1234567_1.conda:  73%|███████▎  | 33/45 [00:09<00:04,  2.71it/s]
Extracting : tk-8.6.12-h1ccaba5_0.conda:  76%|███████▌  | 34/45 [00:09<00:04,  2.71it/s]          
Extracting : brotlipy-0.7.0-py310h7f8727e_1002.conda:  78%|███████▊  | 35/45 [00:09<00:03,  2.71it/s]
Extracting : conda-content-trust-0.1.3-py310h06a4308_0.conda:  80%|████████  | 36/45 [00:09<00:03,  2.71it/s]
Extracting : certifi-2022.12.7-py310h06a4308_0.conda:  82%|████████▏ | 37/45 [00:09<00:02,  2.71it/s]        
Extracting : conda-package-handling-2.0.2-py310h06a4308_0.conda:  84%|████████▍ | 38/45 [00:09<00:02,  2.71it/s]
Extracting : charset-normalizer-2.0.4-pyhd3eb1b0_0.conda:  87%|████████▋ | 39/45 [00:09<00:02,  2.71it/s]       
Extracting : ld_impl_linux-64-2.38-h1181459_1.conda:  89%|████████▉ | 40/45 [00:10<00:01,  2.71it/s]     
Extracting : ld_impl_linux-64-2.38-h1181459_1.conda:  91%|█████████ | 41/45 [00:10<00:00,  4.31it/s]
Extracting : pycosat-0.6.4-py310h5eee18b_0.conda:  91%|█████████ | 41/45 [00:10<00:00,  4.31it/s]   
Extracting : urllib3-1.26.14-py310h06a4308_0.conda:  93%|█████████▎| 42/45 [00:10<00:00,  4.31it/s]
Extracting : xz-5.2.10-h5eee18b_1.conda:  96%|█████████▌| 43/45 [00:10<00:00,  4.31it/s]           
Extracting : xz-5.2.10-h5eee18b_1.conda:  98%|█████████▊| 44/45 [00:10<00:00,  4.92it/s]
Extracting : six-1.16.0-pyhd3eb1b0_1.conda:  98%|█████████▊| 44/45 [00:10<00:00,  4.92it/s]
                                                                                           
Installing base environment...


Downloading and Extracting Packages


Downloading and Extracting Packages

Preparing transaction: ...working... done
Executing transaction: ...working... done
installation finished.
WARNING:
    You currently have a PYTHONPATH environment variable set. This may cause
    unexpected behavior when running the Python interpreter in Miniconda3.
    For best results, please verify that your PYTHONPATH only points to
    directories of packages that are compatible with the Python interpreter
    in Miniconda3: /usr/local
